<?xml version="1.0" encoding="UTF-8"?>
<!-- Generated by org.testng.reporters.JUnitReportReporter -->
<testsuite skipped="3" hostname="Yogesh-MSI" name="day1.PayloadDemo" tests="4" failures="0" timestamp="2023-01-08T21:37:18 IST" time="7.678" errors="0">
  <testcase name="ExternalJSONFile" time="7.678" classname="day1.PayloadDemo"/>
  <testcase name="HashMapPayload" classname="day1.PayloadDemo">
    <skipped/>
  </testcase> <!-- HashMapPayload -->
  <testcase name="JSONPayload" classname="day1.PayloadDemo">
    <skipped/>
  </testcase> <!-- JSONPayload -->
  <testcase name="POJOPayload" classname="day1.PayloadDemo">
    <skipped/>
  </testcase> <!-- POJOPayload -->
</testsuite> <!-- day1.PayloadDemo -->
