<?xml version="1.0" encoding="UTF-8"?>
<!-- Generated by org.testng.reporters.JUnitReportReporter -->
<testsuite hostname="Yogesh-MSI" failures="0" tests="3" name="day1.HttpRequests" time="8.443" errors="0" timestamp="2023-01-07T22:29:51 IST" skipped="0">
  <testcase classname="day1.HttpRequests" name="createUser" time="6.888"/>
  <testcase classname="day1.HttpRequests" name="getUser" time="0.864"/>
  <testcase classname="day1.HttpRequests" name="updateUser" time="0.691"/>
</testsuite> <!-- day1.HttpRequests -->
